{"C:\\Git\\Titulacion\\OpenAPI\\src\\app.js": {"path":"C:\\Git\\Titulacion\\OpenAPI\\src\\app.js","statementMap":{"0":{"start":{"line":1,"column":16},"end":{"line":1,"column":34}},"1":{"start":{"line":2,"column":13},"end":{"line":2,"column":28}},"2":{"start":{"line":3,"column":12},"end":{"line":3,"column":21}},"3":{"start":{"line":5,"column":0},"end":{"line":5,"column":16}},"4":{"start":{"line":6,"column":0},"end":{"line":6,"column":24}},"5":{"start":{"line":8,"column":35},"end":{"line":8,"column":55}},"6":{"start":{"line":9,"column":0},"end":{"line":9,"column":67}},"7":{"start":{"line":11,"column":0},"end":{"line":11,"column":76}},"8":{"start":{"line":12,"column":0},"end":{"line":12,"column":73}},"9":{"start":{"line":14,"column":0},"end":{"line":21,"column":3}},"10":{"start":{"line":15,"column":2},"end":{"line":15,"column":27}},"11":{"start":{"line":16,"column":2},"end":{"line":20,"column":5}},"12":{"start":{"line":23,"column":0},"end":{"line":23,"column":21}}},"fnMap":{"0":{"name":"(anonymous_0)","decl":{"start":{"line":14,"column":8},"end":{"line":14,"column":9}},"loc":{"start":{"line":14,"column":33},"end":{"line":21,"column":1}},"line":14}},"branchMap":{},"s":{"0":2,"1":2,"2":2,"3":2,"4":2,"5":2,"6":2,"7":2,"8":2,"9":2,"10":0,"11":0,"12":2},"f":{"0":0},"b":{},"_coverageSchema":"1a1c01bbd47fc00a2c39e90264f33305004495a9","hash":"6ada7d54bb17ca04ea88ea7709f4fe7c9bd76472"}
,"C:\\Git\\Titulacion\\OpenAPI\\src\\swagger.js": {"path":"C:\\Git\\Titulacion\\OpenAPI\\src\\swagger.js","statementMap":{"0":{"start":{"line":1,"column":21},"end":{"line":1,"column":45}},"1":{"start":{"line":2,"column":18},"end":{"line":2,"column":47}},"2":{"start":{"line":4,"column":16},"end":{"line":20,"column":1}},"3":{"start":{"line":22,"column":20},"end":{"line":22,"column":41}},"4":{"start":{"line":24,"column":0},"end":{"line":27,"column":2}}},"fnMap":{},"branchMap":{},"s":{"0":2,"1":2,"2":2,"3":2,"4":2},"f":{},"b":{},"_coverageSchema":"1a1c01bbd47fc00a2c39e90264f33305004495a9","hash":"96fbf4be6ba90a9ad9626ec6efc12146cc417227"}
,"C:\\Git\\Titulacion\\OpenAPI\\src\\controllers\\detallesController.js": {"path":"C:\\Git\\Titulacion\\OpenAPI\\src\\controllers\\detallesController.js","statementMap":{"0":{"start":{"line":1,"column":16},"end":{"line":1,"column":34}},"1":{"start":{"line":2,"column":15},"end":{"line":2,"column":31}},"2":{"start":{"line":3,"column":28},"end":{"line":3,"column":64}},"3":{"start":{"line":4,"column":24},"end":{"line":4,"column":62}},"4":{"start":{"line":7,"column":27},"end":{"line":17,"column":1}},"5":{"start":{"line":8,"column":21},"end":{"line":8,"column":38}},"6":{"start":{"line":9,"column":24},"end":{"line":14,"column":3}},"7":{"start":{"line":16,"column":2},"end":{"line":16,"column":52}},"8":{"start":{"line":63,"column":0},"end":{"line":74,"column":2}},"9":{"start":{"line":66,"column":4},"end":{"line":72,"column":5}},"10":{"start":{"line":67,"column":83},"end":{"line":67,"column":94}},"11":{"start":{"line":68,"column":22},"end":{"line":68,"column":88}},"12":{"start":{"line":69,"column":6},"end":{"line":69,"column":24}},"13":{"start":{"line":71,"column":6},"end":{"line":71,"column":37}},"14":{"start":{"line":110,"column":0},"end":{"line":121,"column":2}},"15":{"start":{"line":113,"column":4},"end":{"line":119,"column":5}},"16":{"start":{"line":114,"column":83},"end":{"line":114,"column":94}},"17":{"start":{"line":115,"column":22},"end":{"line":115,"column":91}},"18":{"start":{"line":116,"column":6},"end":{"line":116,"column":24}},"19":{"start":{"line":118,"column":6},"end":{"line":118,"column":37}},"20":{"start":{"line":157,"column":0},"end":{"line":168,"column":2}},"21":{"start":{"line":160,"column":4},"end":{"line":166,"column":5}},"22":{"start":{"line":161,"column":85},"end":{"line":161,"column":96}},"23":{"start":{"line":162,"column":22},"end":{"line":162,"column":90}},"24":{"start":{"line":163,"column":6},"end":{"line":163,"column":24}},"25":{"start":{"line":165,"column":6},"end":{"line":165,"column":37}},"26":{"start":{"line":170,"column":0},"end":{"line":170,"column":24}}},"fnMap":{"0":{"name":"(anonymous_0)","decl":{"start":{"line":7,"column":27},"end":{"line":7,"column":28}},"loc":{"start":{"line":7,"column":43},"end":{"line":17,"column":1}},"line":7},"1":{"name":"(anonymous_1)","decl":{"start":{"line":65,"column":2},"end":{"line":65,"column":3}},"loc":{"start":{"line":65,"column":28},"end":{"line":73,"column":3}},"line":65},"2":{"name":"(anonymous_2)","decl":{"start":{"line":112,"column":2},"end":{"line":112,"column":3}},"loc":{"start":{"line":112,"column":28},"end":{"line":120,"column":3}},"line":112},"3":{"name":"(anonymous_3)","decl":{"start":{"line":159,"column":2},"end":{"line":159,"column":3}},"loc":{"start":{"line":159,"column":28},"end":{"line":167,"column":3}},"line":159}},"branchMap":{"0":{"loc":{"start":{"line":8,"column":21},"end":{"line":8,"column":38}},"type":"binary-expr","locations":[{"start":{"line":8,"column":21},"end":{"line":8,"column":31}},{"start":{"line":8,"column":35},"end":{"line":8,"column":38}}],"line":8},"1":{"loc":{"start":{"line":11,"column":13},"end":{"line":11,"column":58}},"type":"binary-expr","locations":[{"start":{"line":11,"column":13},"end":{"line":11,"column":26}},{"start":{"line":11,"column":30},"end":{"line":11,"column":58}}],"line":11},"2":{"loc":{"start":{"line":12,"column":14},"end":{"line":12,"column":44}},"type":"binary-expr","locations":[{"start":{"line":12,"column":14},"end":{"line":12,"column":27}},{"start":{"line":12,"column":31},"end":{"line":12,"column":44}}],"line":12}},"s":{"0":2,"1":2,"2":2,"3":2,"4":2,"5":1,"6":1,"7":1,"8":2,"9":2,"10":2,"11":2,"12":1,"13":1,"14":2,"15":0,"16":0,"17":0,"18":0,"19":0,"20":2,"21":0,"22":0,"23":0,"24":0,"25":0,"26":2},"f":{"0":1,"1":2,"2":0,"3":0},"b":{"0":[1,1],"1":[1,0],"2":[1,1]},"_coverageSchema":"1a1c01bbd47fc00a2c39e90264f33305004495a9","hash":"8daa0695f63d65a0f1d6a948f600a338311cf838"}
,"C:\\Git\\Titulacion\\OpenAPI\\src\\controllers\\movimientosController.js": {"path":"C:\\Git\\Titulacion\\OpenAPI\\src\\controllers\\movimientosController.js","statementMap":{"0":{"start":{"line":1,"column":16},"end":{"line":1,"column":34}},"1":{"start":{"line":2,"column":15},"end":{"line":2,"column":31}},"2":{"start":{"line":3,"column":28},"end":{"line":3,"column":64}},"3":{"start":{"line":4,"column":27},"end":{"line":4,"column":68}},"4":{"start":{"line":7,"column":27},"end":{"line":17,"column":1}},"5":{"start":{"line":8,"column":21},"end":{"line":8,"column":38}},"6":{"start":{"line":9,"column":24},"end":{"line":14,"column":3}},"7":{"start":{"line":16,"column":2},"end":{"line":16,"column":52}},"8":{"start":{"line":45,"column":0},"end":{"line":56,"column":2}},"9":{"start":{"line":48,"column":4},"end":{"line":54,"column":5}},"10":{"start":{"line":49,"column":27},"end":{"line":49,"column":57}},"11":{"start":{"line":50,"column":26},"end":{"line":50,"column":85}},"12":{"start":{"line":51,"column":6},"end":{"line":51,"column":28}},"13":{"start":{"line":53,"column":6},"end":{"line":53,"column":37}},"14":{"start":{"line":84,"column":0},"end":{"line":95,"column":2}},"15":{"start":{"line":87,"column":4},"end":{"line":93,"column":5}},"16":{"start":{"line":88,"column":27},"end":{"line":88,"column":57}},"17":{"start":{"line":89,"column":26},"end":{"line":89,"column":88}},"18":{"start":{"line":90,"column":6},"end":{"line":90,"column":28}},"19":{"start":{"line":92,"column":6},"end":{"line":92,"column":37}},"20":{"start":{"line":123,"column":0},"end":{"line":134,"column":2}},"21":{"start":{"line":126,"column":4},"end":{"line":132,"column":5}},"22":{"start":{"line":127,"column":28},"end":{"line":127,"column":59}},"23":{"start":{"line":128,"column":26},"end":{"line":128,"column":87}},"24":{"start":{"line":129,"column":6},"end":{"line":129,"column":28}},"25":{"start":{"line":131,"column":6},"end":{"line":131,"column":37}},"26":{"start":{"line":136,"column":0},"end":{"line":136,"column":24}}},"fnMap":{"0":{"name":"(anonymous_0)","decl":{"start":{"line":7,"column":27},"end":{"line":7,"column":28}},"loc":{"start":{"line":7,"column":43},"end":{"line":17,"column":1}},"line":7},"1":{"name":"(anonymous_1)","decl":{"start":{"line":47,"column":2},"end":{"line":47,"column":3}},"loc":{"start":{"line":47,"column":28},"end":{"line":55,"column":3}},"line":47},"2":{"name":"(anonymous_2)","decl":{"start":{"line":86,"column":2},"end":{"line":86,"column":3}},"loc":{"start":{"line":86,"column":28},"end":{"line":94,"column":3}},"line":86},"3":{"name":"(anonymous_3)","decl":{"start":{"line":125,"column":2},"end":{"line":125,"column":3}},"loc":{"start":{"line":125,"column":28},"end":{"line":133,"column":3}},"line":125}},"branchMap":{"0":{"loc":{"start":{"line":8,"column":21},"end":{"line":8,"column":38}},"type":"binary-expr","locations":[{"start":{"line":8,"column":21},"end":{"line":8,"column":31}},{"start":{"line":8,"column":35},"end":{"line":8,"column":38}}],"line":8},"1":{"loc":{"start":{"line":11,"column":13},"end":{"line":11,"column":58}},"type":"binary-expr","locations":[{"start":{"line":11,"column":13},"end":{"line":11,"column":26}},{"start":{"line":11,"column":30},"end":{"line":11,"column":58}}],"line":11},"2":{"loc":{"start":{"line":12,"column":14},"end":{"line":12,"column":44}},"type":"binary-expr","locations":[{"start":{"line":12,"column":14},"end":{"line":12,"column":27}},{"start":{"line":12,"column":31},"end":{"line":12,"column":44}}],"line":12}},"s":{"0":2,"1":2,"2":2,"3":2,"4":2,"5":1,"6":1,"7":1,"8":2,"9":2,"10":2,"11":2,"12":1,"13":1,"14":2,"15":0,"16":0,"17":0,"18":0,"19":0,"20":2,"21":0,"22":0,"23":0,"24":0,"25":0,"26":2},"f":{"0":1,"1":2,"2":0,"3":0},"b":{"0":[1,1],"1":[1,0],"2":[1,1]},"_coverageSchema":"1a1c01bbd47fc00a2c39e90264f33305004495a9","hash":"7e7393316a0c83d9af7cbc4699229335d44e1159"}
,"C:\\Git\\Titulacion\\OpenAPI\\src\\middlewares\\validators.js": {"path":"C:\\Git\\Titulacion\\OpenAPI\\src\\middlewares\\validators.js","statementMap":{"0":{"start":{"line":1,"column":24},"end":{"line":22,"column":1}},"1":{"start":{"line":2,"column":2},"end":{"line":21,"column":4}},"2":{"start":{"line":3,"column":27},"end":{"line":3,"column":29}},"3":{"start":{"line":5,"column":4},"end":{"line":9,"column":7}},"4":{"start":{"line":6,"column":6},"end":{"line":8,"column":7}},"5":{"start":{"line":7,"column":8},"end":{"line":7,"column":36}},"6":{"start":{"line":11,"column":4},"end":{"line":18,"column":5}},"7":{"start":{"line":12,"column":6},"end":{"line":17,"column":9}},"8":{"start":{"line":20,"column":4},"end":{"line":20,"column":11}},"9":{"start":{"line":24,"column":0},"end":{"line":26,"column":2}}},"fnMap":{"0":{"name":"(anonymous_0)","decl":{"start":{"line":1,"column":24},"end":{"line":1,"column":25}},"loc":{"start":{"line":1,"column":45},"end":{"line":22,"column":1}},"line":1},"1":{"name":"(anonymous_1)","decl":{"start":{"line":2,"column":9},"end":{"line":2,"column":10}},"loc":{"start":{"line":2,"column":29},"end":{"line":21,"column":3}},"line":2},"2":{"name":"(anonymous_2)","decl":{"start":{"line":5,"column":28},"end":{"line":5,"column":29}},"loc":{"start":{"line":5,"column":38},"end":{"line":9,"column":5}},"line":5}},"branchMap":{"0":{"loc":{"start":{"line":6,"column":6},"end":{"line":8,"column":7}},"type":"if","locations":[{"start":{"line":6,"column":6},"end":{"line":8,"column":7}},{"start":{},"end":{}}],"line":6},"1":{"loc":{"start":{"line":11,"column":4},"end":{"line":18,"column":5}},"type":"if","locations":[{"start":{"line":11,"column":4},"end":{"line":18,"column":5}},{"start":{},"end":{}}],"line":11}},"s":{"0":2,"1":12,"2":4,"3":4,"4":6,"5":0,"6":4,"7":0,"8":4,"9":2},"f":{"0":12,"1":4,"2":6},"b":{"0":[0,6],"1":[0,4]},"_coverageSchema":"1a1c01bbd47fc00a2c39e90264f33305004495a9","hash":"b3f6b5b1108ed9c5cc1138e3707bdcfc0d16d743"}
,"C:\\Git\\Titulacion\\OpenAPI\\src\\models\\redisClient.js": {"path":"C:\\Git\\Titulacion\\OpenAPI\\src\\models\\redisClient.js","statementMap":{"0":{"start":{"line":1,"column":18},"end":{"line":1,"column":36}},"1":{"start":{"line":2,"column":15},"end":{"line":2,"column":32}},"2":{"start":{"line":5,"column":0},"end":{"line":5,"column":16}},"3":{"start":{"line":7,"column":20},"end":{"line":15,"column":2}},"4":{"start":{"line":12,"column":18},"end":{"line":12,"column":44}},"5":{"start":{"line":13,"column":4},"end":{"line":13,"column":17}},"6":{"start":{"line":18,"column":0},"end":{"line":20,"column":3}},"7":{"start":{"line":19,"column":2},"end":{"line":19,"column":45}},"8":{"start":{"line":22,"column":0},"end":{"line":24,"column":3}},"9":{"start":{"line":23,"column":2},"end":{"line":23,"column":47}},"10":{"start":{"line":27,"column":0},"end":{"line":36,"column":5}},"11":{"start":{"line":28,"column":2},"end":{"line":35,"column":3}},"12":{"start":{"line":29,"column":4},"end":{"line":29,"column":51}},"13":{"start":{"line":30,"column":17},"end":{"line":30,"column":57}},"14":{"start":{"line":31,"column":4},"end":{"line":31,"column":53}},"15":{"start":{"line":32,"column":4},"end":{"line":32,"column":28}},"16":{"start":{"line":34,"column":4},"end":{"line":34,"column":55}},"17":{"start":{"line":41,"column":17},"end":{"line":41,"column":63}},"18":{"start":{"line":42,"column":2},"end":{"line":45,"column":3}},"19":{"start":{"line":43,"column":4},"end":{"line":43,"column":58}},"20":{"start":{"line":44,"column":4},"end":{"line":44,"column":11}},"21":{"start":{"line":47,"column":2},"end":{"line":47,"column":55}},"22":{"start":{"line":50,"column":2},"end":{"line":61,"column":5}},"23":{"start":{"line":63,"column":2},"end":{"line":74,"column":5}},"24":{"start":{"line":76,"column":2},"end":{"line":76,"column":81}},"25":{"start":{"line":79,"column":2},"end":{"line":90,"column":5}},"26":{"start":{"line":92,"column":2},"end":{"line":103,"column":5}},"27":{"start":{"line":105,"column":2},"end":{"line":105,"column":84}},"28":{"start":{"line":107,"column":2},"end":{"line":118,"column":5}},"29":{"start":{"line":120,"column":2},"end":{"line":131,"column":5}},"30":{"start":{"line":133,"column":2},"end":{"line":133,"column":87}},"31":{"start":{"line":135,"column":2},"end":{"line":135,"column":56}},"32":{"start":{"line":138,"column":0},"end":{"line":138,"column":29}}},"fnMap":{"0":{"name":"(anonymous_0)","decl":{"start":{"line":11,"column":17},"end":{"line":11,"column":18}},"loc":{"start":{"line":11,"column":28},"end":{"line":14,"column":3}},"line":11},"1":{"name":"(anonymous_1)","decl":{"start":{"line":18,"column":26},"end":{"line":18,"column":27}},"loc":{"start":{"line":18,"column":32},"end":{"line":20,"column":1}},"line":18},"2":{"name":"(anonymous_2)","decl":{"start":{"line":22,"column":24},"end":{"line":22,"column":25}},"loc":{"start":{"line":22,"column":33},"end":{"line":24,"column":1}},"line":22},"3":{"name":"(anonymous_3)","decl":{"start":{"line":27,"column":1},"end":{"line":27,"column":2}},"loc":{"start":{"line":27,"column":13},"end":{"line":36,"column":1}},"line":27},"4":{"name":"seedInitialData","decl":{"start":{"line":39,"column":15},"end":{"line":39,"column":30}},"loc":{"start":{"line":39,"column":33},"end":{"line":136,"column":1}},"line":39}},"branchMap":{"0":{"loc":{"start":{"line":7,"column":30},"end":{"line":7,"column":167}},"type":"binary-expr","locations":[{"start":{"line":7,"column":30},"end":{"line":7,"column":51}},{"start":{"line":7,"column":55},"end":{"line":7,"column":167}}],"line":7},"1":{"loc":{"start":{"line":42,"column":2},"end":{"line":45,"column":3}},"type":"if","locations":[{"start":{"line":42,"column":2},"end":{"line":45,"column":3}},{"start":{},"end":{}}],"line":42}},"s":{"0":2,"1":2,"2":2,"3":2,"4":0,"5":0,"6":2,"7":0,"8":2,"9":0,"10":2,"11":2,"12":2,"13":0,"14":0,"15":0,"16":0,"17":0,"18":0,"19":0,"20":0,"21":0,"22":0,"23":0,"24":0,"25":0,"26":0,"27":0,"28":0,"29":0,"30":0,"31":0,"32":2},"f":{"0":0,"1":0,"2":0,"3":2,"4":0},"b":{"0":[2,2],"1":[0,0]},"_coverageSchema":"1a1c01bbd47fc00a2c39e90264f33305004495a9","hash":"86e096fa64f3a15cd7a92eb5ea0ea4592a135e73"}
,"C:\\Git\\Titulacion\\OpenAPI\\src\\services\\detallesService.js": {"path":"C:\\Git\\Titulacion\\OpenAPI\\src\\services\\detallesService.js","statementMap":{"0":{"start":{"line":1,"column":20},"end":{"line":1,"column":52}},"1":{"start":{"line":5,"column":4},"end":{"line":49,"column":5}},"2":{"start":{"line":6,"column":6},"end":{"line":8,"column":7}},"3":{"start":{"line":7,"column":8},"end":{"line":7,"column":50}},"4":{"start":{"line":10,"column":25},"end":{"line":10,"column":80}},"5":{"start":{"line":11,"column":6},"end":{"line":11,"column":64}},"6":{"start":{"line":14,"column":6},"end":{"line":16,"column":7}},"7":{"start":{"line":15,"column":8},"end":{"line":15,"column":52}},"8":{"start":{"line":19,"column":6},"end":{"line":21,"column":7}},"9":{"start":{"line":20,"column":8},"end":{"line":20,"column":51}},"10":{"start":{"line":23,"column":6},"end":{"line":25,"column":7}},"11":{"start":{"line":24,"column":8},"end":{"line":24,"column":46}},"12":{"start":{"line":28,"column":20},"end":{"line":28,"column":75}},"13":{"start":{"line":29,"column":6},"end":{"line":29,"column":52}},"14":{"start":{"line":31,"column":20},"end":{"line":31,"column":84}},"15":{"start":{"line":32,"column":6},"end":{"line":32,"column":52}},"16":{"start":{"line":34,"column":6},"end":{"line":45,"column":8}},"17":{"start":{"line":47,"column":6},"end":{"line":47,"column":65}},"18":{"start":{"line":48,"column":6},"end":{"line":48,"column":34}},"19":{"start":{"line":53,"column":4},"end":{"line":53,"column":76}},"20":{"start":{"line":57,"column":4},"end":{"line":57,"column":79}},"21":{"start":{"line":61,"column":4},"end":{"line":61,"column":78}},"22":{"start":{"line":65,"column":4},"end":{"line":65,"column":62}},"23":{"start":{"line":66,"column":4},"end":{"line":68,"column":5}},"24":{"start":{"line":67,"column":6},"end":{"line":67,"column":49}},"25":{"start":{"line":70,"column":19},"end":{"line":70,"column":36}},"26":{"start":{"line":71,"column":4},"end":{"line":73,"column":5}},"27":{"start":{"line":72,"column":6},"end":{"line":72,"column":49}},"28":{"start":{"line":74,"column":4},"end":{"line":74,"column":18}},"29":{"start":{"line":79,"column":21},"end":{"line":100,"column":5}},"30":{"start":{"line":102,"column":4},"end":{"line":105,"column":6}},"31":{"start":{"line":109,"column":0},"end":{"line":109,"column":33}}},"fnMap":{"0":{"name":"(anonymous_0)","decl":{"start":{"line":4,"column":2},"end":{"line":4,"column":3}},"loc":{"start":{"line":4,"column":81},"end":{"line":50,"column":3}},"line":4},"1":{"name":"(anonymous_1)","decl":{"start":{"line":52,"column":2},"end":{"line":52,"column":3}},"loc":{"start":{"line":52,"column":60},"end":{"line":54,"column":3}},"line":52},"2":{"name":"(anonymous_2)","decl":{"start":{"line":56,"column":2},"end":{"line":56,"column":3}},"loc":{"start":{"line":56,"column":63},"end":{"line":58,"column":3}},"line":56},"3":{"name":"(anonymous_3)","decl":{"start":{"line":60,"column":2},"end":{"line":60,"column":3}},"loc":{"start":{"line":60,"column":62},"end":{"line":62,"column":3}},"line":60},"4":{"name":"(anonymous_4)","decl":{"start":{"line":64,"column":2},"end":{"line":64,"column":3}},"loc":{"start":{"line":64,"column":41},"end":{"line":75,"column":3}},"line":64},"5":{"name":"(anonymous_5)","decl":{"start":{"line":78,"column":2},"end":{"line":78,"column":3}},"loc":{"start":{"line":78,"column":26},"end":{"line":106,"column":3}},"line":78}},"branchMap":{"0":{"loc":{"start":{"line":6,"column":6},"end":{"line":8,"column":7}},"type":"if","locations":[{"start":{"line":6,"column":6},"end":{"line":8,"column":7}},{"start":{},"end":{}}],"line":6},"1":{"loc":{"start":{"line":14,"column":6},"end":{"line":16,"column":7}},"type":"if","locations":[{"start":{"line":14,"column":6},"end":{"line":16,"column":7}},{"start":{},"end":{}}],"line":14},"2":{"loc":{"start":{"line":19,"column":6},"end":{"line":21,"column":7}},"type":"if","locations":[{"start":{"line":19,"column":6},"end":{"line":21,"column":7}},{"start":{},"end":{}}],"line":19},"3":{"loc":{"start":{"line":23,"column":6},"end":{"line":25,"column":7}},"type":"if","locations":[{"start":{"line":23,"column":6},"end":{"line":25,"column":7}},{"start":{},"end":{}}],"line":23},"4":{"loc":{"start":{"line":36,"column":15},"end":{"line":36,"column":59}},"type":"binary-expr","locations":[{"start":{"line":36,"column":15},"end":{"line":36,"column":31}},{"start":{"line":36,"column":35},"end":{"line":36,"column":59}}],"line":36},"5":{"loc":{"start":{"line":37,"column":21},"end":{"line":37,"column":64}},"type":"binary-expr","locations":[{"start":{"line":37,"column":21},"end":{"line":37,"column":43}},{"start":{"line":37,"column":47},"end":{"line":37,"column":64}}],"line":37},"6":{"loc":{"start":{"line":44,"column":12},"end":{"line":44,"column":74}},"type":"binary-expr","locations":[{"start":{"line":44,"column":12},"end":{"line":44,"column":33}},{"start":{"line":44,"column":37},"end":{"line":44,"column":74}}],"line":44},"7":{"loc":{"start":{"line":66,"column":4},"end":{"line":68,"column":5}},"type":"if","locations":[{"start":{"line":66,"column":4},"end":{"line":68,"column":5}},{"start":{},"end":{}}],"line":66},"8":{"loc":{"start":{"line":66,"column":8},"end":{"line":66,"column":61}},"type":"binary-expr","locations":[{"start":{"line":66,"column":8},"end":{"line":66,"column":27}},{"start":{"line":66,"column":31},"end":{"line":66,"column":45}},{"start":{"line":66,"column":49},"end":{"line":66,"column":61}}],"line":66},"9":{"loc":{"start":{"line":71,"column":4},"end":{"line":73,"column":5}},"type":"if","locations":[{"start":{"line":71,"column":4},"end":{"line":73,"column":5}},{"start":{},"end":{}}],"line":71},"10":{"loc":{"start":{"line":102,"column":11},"end":{"line":105,"column":5}},"type":"binary-expr","locations":[{"start":{"line":102,"column":11},"end":{"line":102,"column":34}},{"start":{"line":102,"column":38},"end":{"line":105,"column":5}}],"line":102}},"s":{"0":3,"1":6,"2":6,"3":1,"4":5,"5":5,"6":5,"7":1,"8":4,"9":1,"10":3,"11":1,"12":2,"13":1,"14":1,"15":1,"16":1,"17":5,"18":5,"19":6,"20":0,"21":0,"22":3,"23":3,"24":0,"25":3,"26":3,"27":1,"28":2,"29":5,"30":5,"31":3},"f":{"0":6,"1":6,"2":0,"3":0,"4":3,"5":5},"b":{"0":[1,5],"1":[1,4],"2":[1,3],"3":[1,2],"4":[1,0],"5":[1,0],"6":[1,0],"7":[0,3],"8":[3,3,3],"9":[1,2],"10":[5,0]},"_coverageSchema":"1a1c01bbd47fc00a2c39e90264f33305004495a9","hash":"ff7ac17535d1cb6457db526202ee8bf2cecaac51"}
,"C:\\Git\\Titulacion\\OpenAPI\\src\\services\\movimientosService.js": {"path":"C:\\Git\\Titulacion\\OpenAPI\\src\\services\\movimientosService.js","statementMap":{"0":{"start":{"line":1,"column":20},"end":{"line":1,"column":52}},"1":{"start":{"line":5,"column":4},"end":{"line":41,"column":5}},"2":{"start":{"line":6,"column":18},"end":{"line":6,"column":62}},"3":{"start":{"line":9,"column":21},"end":{"line":9,"column":50}},"4":{"start":{"line":10,"column":6},"end":{"line":12,"column":7}},"5":{"start":{"line":11,"column":8},"end":{"line":11,"column":49}},"6":{"start":{"line":15,"column":29},"end":{"line":15,"column":65}},"7":{"start":{"line":18,"column":22},"end":{"line":20,"column":7}},"8":{"start":{"line":19,"column":33},"end":{"line":19,"column":72}},"9":{"start":{"line":23,"column":6},"end":{"line":36,"column":25}},"10":{"start":{"line":25,"column":10},"end":{"line":25,"column":43}},"11":{"start":{"line":25,"column":31},"end":{"line":25,"column":43}},"12":{"start":{"line":27,"column":10},"end":{"line":34,"column":12}},"13":{"start":{"line":39,"column":6},"end":{"line":39,"column":75}},"14":{"start":{"line":40,"column":6},"end":{"line":40,"column":37}},"15":{"start":{"line":45,"column":4},"end":{"line":47,"column":5}},"16":{"start":{"line":46,"column":6},"end":{"line":46,"column":48}},"17":{"start":{"line":48,"column":4},"end":{"line":48,"column":56}},"18":{"start":{"line":52,"column":4},"end":{"line":54,"column":5}},"19":{"start":{"line":53,"column":6},"end":{"line":53,"column":48}},"20":{"start":{"line":55,"column":4},"end":{"line":55,"column":59}},"21":{"start":{"line":59,"column":4},"end":{"line":61,"column":5}},"22":{"start":{"line":60,"column":6},"end":{"line":60,"column":49}},"23":{"start":{"line":62,"column":4},"end":{"line":62,"column":58}},"24":{"start":{"line":67,"column":21},"end":{"line":80,"column":5}},"25":{"start":{"line":82,"column":4},"end":{"line":85,"column":6}},"26":{"start":{"line":89,"column":0},"end":{"line":89,"column":36}}},"fnMap":{"0":{"name":"(anonymous_0)","decl":{"start":{"line":4,"column":2},"end":{"line":4,"column":3}},"loc":{"start":{"line":4,"column":58},"end":{"line":42,"column":3}},"line":4},"1":{"name":"(anonymous_1)","decl":{"start":{"line":19,"column":27},"end":{"line":19,"column":28}},"loc":{"start":{"line":19,"column":33},"end":{"line":19,"column":72}},"line":19},"2":{"name":"(anonymous_2)","decl":{"start":{"line":24,"column":13},"end":{"line":24,"column":14}},"loc":{"start":{"line":24,"column":27},"end":{"line":35,"column":9}},"line":24},"3":{"name":"(anonymous_3)","decl":{"start":{"line":44,"column":2},"end":{"line":44,"column":3}},"loc":{"start":{"line":44,"column":50},"end":{"line":49,"column":3}},"line":44},"4":{"name":"(anonymous_4)","decl":{"start":{"line":51,"column":2},"end":{"line":51,"column":3}},"loc":{"start":{"line":51,"column":53},"end":{"line":56,"column":3}},"line":51},"5":{"name":"(anonymous_5)","decl":{"start":{"line":58,"column":2},"end":{"line":58,"column":3}},"loc":{"start":{"line":58,"column":52},"end":{"line":63,"column":3}},"line":58},"6":{"name":"(anonymous_6)","decl":{"start":{"line":65,"column":2},"end":{"line":65,"column":3}},"loc":{"start":{"line":65,"column":29},"end":{"line":86,"column":3}},"line":65}},"branchMap":{"0":{"loc":{"start":{"line":10,"column":6},"end":{"line":12,"column":7}},"type":"if","locations":[{"start":{"line":10,"column":6},"end":{"line":12,"column":7}},{"start":{},"end":{}}],"line":10},"1":{"loc":{"start":{"line":25,"column":10},"end":{"line":25,"column":43}},"type":"if","locations":[{"start":{"line":25,"column":10},"end":{"line":25,"column":43}},{"start":{},"end":{}}],"line":25},"2":{"loc":{"start":{"line":45,"column":4},"end":{"line":47,"column":5}},"type":"if","locations":[{"start":{"line":45,"column":4},"end":{"line":47,"column":5}},{"start":{},"end":{}}],"line":45},"3":{"loc":{"start":{"line":52,"column":4},"end":{"line":54,"column":5}},"type":"if","locations":[{"start":{"line":52,"column":4},"end":{"line":54,"column":5}},{"start":{},"end":{}}],"line":52},"4":{"loc":{"start":{"line":59,"column":4},"end":{"line":61,"column":5}},"type":"if","locations":[{"start":{"line":59,"column":4},"end":{"line":61,"column":5}},{"start":{},"end":{}}],"line":59},"5":{"loc":{"start":{"line":82,"column":11},"end":{"line":85,"column":5}},"type":"binary-expr","locations":[{"start":{"line":82,"column":11},"end":{"line":82,"column":34}},{"start":{"line":82,"column":38},"end":{"line":85,"column":5}}],"line":82}},"s":{"0":3,"1":2,"2":2,"3":2,"4":2,"5":1,"6":1,"7":1,"8":2,"9":1,"10":2,"11":0,"12":2,"13":1,"14":1,"15":3,"16":1,"17":2,"18":0,"19":0,"20":0,"21":0,"22":0,"23":0,"24":1,"25":1,"26":3},"f":{"0":2,"1":2,"2":2,"3":3,"4":0,"5":0,"6":1},"b":{"0":[1,1],"1":[0,2],"2":[1,2],"3":[0,0],"4":[0,0],"5":[1,0]},"_coverageSchema":"1a1c01bbd47fc00a2c39e90264f33305004495a9","hash":"69e39f4a436bd88d8d53843edc7bd4eea7a299ac"}
}
