{"C:\\Git\\Titulacion\\OpenAPI\\src\\app.js": {"path":"C:\\Git\\Titulacion\\OpenAPI\\src\\app.js","statementMap":{"0":{"start":{"line":1,"column":16},"end":{"line":1,"column":34}},"1":{"start":{"line":2,"column":13},"end":{"line":2,"column":28}},"2":{"start":{"line":3,"column":12},"end":{"line":3,"column":21}},"3":{"start":{"line":5,"column":0},"end":{"line":5,"column":16}},"4":{"start":{"line":6,"column":0},"end":{"line":6,"column":24}},"5":{"start":{"line":8,"column":35},"end":{"line":8,"column":55}},"6":{"start":{"line":9,"column":0},"end":{"line":9,"column":67}},"7":{"start":{"line":11,"column":0},"end":{"line":11,"column":76}},"8":{"start":{"line":12,"column":0},"end":{"line":12,"column":73}},"9":{"start":{"line":14,"column":0},"end":{"line":21,"column":3}},"10":{"start":{"line":15,"column":2},"end":{"line":15,"column":27}},"11":{"start":{"line":16,"column":2},"end":{"line":20,"column":5}},"12":{"start":{"line":23,"column":0},"end":{"line":23,"column":21}}},"fnMap":{"0":{"name":"(anonymous_0)","decl":{"start":{"line":14,"column":8},"end":{"line":14,"column":9}},"loc":{"start":{"line":14,"column":33},"end":{"line":21,"column":1}},"line":14}},"branchMap":{},"s":{"0":2,"1":2,"2":2,"3":2,"4":2,"5":2,"6":2,"7":2,"8":2,"9":2,"10":0,"11":0,"12":2},"f":{"0":0},"b":{},"_coverageSchema":"1a1c01bbd47fc00a2c39e90264f33305004495a9","hash":"6ada7d54bb17ca04ea88ea7709f4fe7c9bd76472"}
,"C:\\Git\\Titulacion\\OpenAPI\\src\\swagger.js": {"path":"C:\\Git\\Titulacion\\OpenAPI\\src\\swagger.js","statementMap":{"0":{"start":{"line":1,"column":21},"end":{"line":1,"column":45}},"1":{"start":{"line":2,"column":18},"end":{"line":2,"column":47}},"2":{"start":{"line":4,"column":16},"end":{"line":24,"column":1}},"3":{"start":{"line":26,"column":20},"end":{"line":26,"column":41}},"4":{"start":{"line":28,"column":0},"end":{"line":31,"column":2}}},"fnMap":{},"branchMap":{},"s":{"0":2,"1":2,"2":2,"3":2,"4":2},"f":{},"b":{},"_coverageSchema":"1a1c01bbd47fc00a2c39e90264f33305004495a9","hash":"2bbdd0752e76ec22720624f22302fffd38f74f5d"}
,"C:\\Git\\Titulacion\\OpenAPI\\src\\controllers\\detallesController.js": {"path":"C:\\Git\\Titulacion\\OpenAPI\\src\\controllers\\detallesController.js","statementMap":{"0":{"start":{"line":1,"column":16},"end":{"line":1,"column":34}},"1":{"start":{"line":2,"column":15},"end":{"line":2,"column":31}},"2":{"start":{"line":3,"column":28},"end":{"line":3,"column":64}},"3":{"start":{"line":4,"column":24},"end":{"line":4,"column":62}},"4":{"start":{"line":7,"column":27},"end":{"line":17,"column":1}},"5":{"start":{"line":8,"column":21},"end":{"line":8,"column":38}},"6":{"start":{"line":9,"column":24},"end":{"line":14,"column":3}},"7":{"start":{"line":16,"column":2},"end":{"line":16,"column":52}},"8":{"start":{"line":62,"column":0},"end":{"line":73,"column":2}},"9":{"start":{"line":65,"column":4},"end":{"line":71,"column":5}},"10":{"start":{"line":66,"column":83},"end":{"line":66,"column":94}},"11":{"start":{"line":67,"column":22},"end":{"line":67,"column":88}},"12":{"start":{"line":68,"column":6},"end":{"line":68,"column":24}},"13":{"start":{"line":70,"column":6},"end":{"line":70,"column":37}},"14":{"start":{"line":109,"column":0},"end":{"line":120,"column":2}},"15":{"start":{"line":112,"column":4},"end":{"line":118,"column":5}},"16":{"start":{"line":113,"column":83},"end":{"line":113,"column":94}},"17":{"start":{"line":114,"column":22},"end":{"line":114,"column":91}},"18":{"start":{"line":115,"column":6},"end":{"line":115,"column":24}},"19":{"start":{"line":117,"column":6},"end":{"line":117,"column":37}},"20":{"start":{"line":156,"column":0},"end":{"line":167,"column":2}},"21":{"start":{"line":159,"column":4},"end":{"line":165,"column":5}},"22":{"start":{"line":160,"column":85},"end":{"line":160,"column":96}},"23":{"start":{"line":161,"column":22},"end":{"line":161,"column":90}},"24":{"start":{"line":162,"column":6},"end":{"line":162,"column":24}},"25":{"start":{"line":164,"column":6},"end":{"line":164,"column":37}},"26":{"start":{"line":169,"column":0},"end":{"line":169,"column":24}}},"fnMap":{"0":{"name":"(anonymous_0)","decl":{"start":{"line":7,"column":27},"end":{"line":7,"column":28}},"loc":{"start":{"line":7,"column":43},"end":{"line":17,"column":1}},"line":7},"1":{"name":"(anonymous_1)","decl":{"start":{"line":64,"column":2},"end":{"line":64,"column":3}},"loc":{"start":{"line":64,"column":28},"end":{"line":72,"column":3}},"line":64},"2":{"name":"(anonymous_2)","decl":{"start":{"line":111,"column":2},"end":{"line":111,"column":3}},"loc":{"start":{"line":111,"column":28},"end":{"line":119,"column":3}},"line":111},"3":{"name":"(anonymous_3)","decl":{"start":{"line":158,"column":2},"end":{"line":158,"column":3}},"loc":{"start":{"line":158,"column":28},"end":{"line":166,"column":3}},"line":158}},"branchMap":{"0":{"loc":{"start":{"line":8,"column":21},"end":{"line":8,"column":38}},"type":"binary-expr","locations":[{"start":{"line":8,"column":21},"end":{"line":8,"column":31}},{"start":{"line":8,"column":35},"end":{"line":8,"column":38}}],"line":8},"1":{"loc":{"start":{"line":11,"column":13},"end":{"line":11,"column":58}},"type":"binary-expr","locations":[{"start":{"line":11,"column":13},"end":{"line":11,"column":26}},{"start":{"line":11,"column":30},"end":{"line":11,"column":58}}],"line":11},"2":{"loc":{"start":{"line":12,"column":14},"end":{"line":12,"column":44}},"type":"binary-expr","locations":[{"start":{"line":12,"column":14},"end":{"line":12,"column":27}},{"start":{"line":12,"column":31},"end":{"line":12,"column":44}}],"line":12}},"s":{"0":2,"1":2,"2":2,"3":2,"4":2,"5":3,"6":3,"7":3,"8":2,"9":2,"10":2,"11":2,"12":1,"13":1,"14":2,"15":2,"16":2,"17":2,"18":1,"19":1,"20":2,"21":2,"22":2,"23":2,"24":1,"25":1,"26":2},"f":{"0":3,"1":2,"2":2,"3":2},"b":{"0":[3,3],"1":[3,0],"2":[3,3]},"_coverageSchema":"1a1c01bbd47fc00a2c39e90264f33305004495a9","hash":"ae0e242e6c034970686ef088b22ab1cfe4f0a990"}
,"C:\\Git\\Titulacion\\OpenAPI\\src\\controllers\\movimientosController.js": {"path":"C:\\Git\\Titulacion\\OpenAPI\\src\\controllers\\movimientosController.js","statementMap":{"0":{"start":{"line":1,"column":16},"end":{"line":1,"column":34}},"1":{"start":{"line":2,"column":15},"end":{"line":2,"column":31}},"2":{"start":{"line":3,"column":28},"end":{"line":3,"column":64}},"3":{"start":{"line":4,"column":27},"end":{"line":4,"column":68}},"4":{"start":{"line":7,"column":27},"end":{"line":17,"column":1}},"5":{"start":{"line":8,"column":21},"end":{"line":8,"column":38}},"6":{"start":{"line":9,"column":24},"end":{"line":14,"column":3}},"7":{"start":{"line":16,"column":2},"end":{"line":16,"column":52}},"8":{"start":{"line":45,"column":0},"end":{"line":56,"column":2}},"9":{"start":{"line":48,"column":4},"end":{"line":54,"column":5}},"10":{"start":{"line":49,"column":27},"end":{"line":49,"column":57}},"11":{"start":{"line":50,"column":26},"end":{"line":50,"column":85}},"12":{"start":{"line":51,"column":6},"end":{"line":51,"column":28}},"13":{"start":{"line":53,"column":6},"end":{"line":53,"column":37}},"14":{"start":{"line":84,"column":0},"end":{"line":95,"column":2}},"15":{"start":{"line":87,"column":4},"end":{"line":93,"column":5}},"16":{"start":{"line":88,"column":27},"end":{"line":88,"column":57}},"17":{"start":{"line":89,"column":26},"end":{"line":89,"column":88}},"18":{"start":{"line":90,"column":6},"end":{"line":90,"column":28}},"19":{"start":{"line":92,"column":6},"end":{"line":92,"column":37}},"20":{"start":{"line":123,"column":0},"end":{"line":134,"column":2}},"21":{"start":{"line":126,"column":4},"end":{"line":132,"column":5}},"22":{"start":{"line":127,"column":28},"end":{"line":127,"column":59}},"23":{"start":{"line":128,"column":26},"end":{"line":128,"column":87}},"24":{"start":{"line":129,"column":6},"end":{"line":129,"column":28}},"25":{"start":{"line":131,"column":6},"end":{"line":131,"column":37}},"26":{"start":{"line":136,"column":0},"end":{"line":136,"column":24}}},"fnMap":{"0":{"name":"(anonymous_0)","decl":{"start":{"line":7,"column":27},"end":{"line":7,"column":28}},"loc":{"start":{"line":7,"column":43},"end":{"line":17,"column":1}},"line":7},"1":{"name":"(anonymous_1)","decl":{"start":{"line":47,"column":2},"end":{"line":47,"column":3}},"loc":{"start":{"line":47,"column":28},"end":{"line":55,"column":3}},"line":47},"2":{"name":"(anonymous_2)","decl":{"start":{"line":86,"column":2},"end":{"line":86,"column":3}},"loc":{"start":{"line":86,"column":28},"end":{"line":94,"column":3}},"line":86},"3":{"name":"(anonymous_3)","decl":{"start":{"line":125,"column":2},"end":{"line":125,"column":3}},"loc":{"start":{"line":125,"column":28},"end":{"line":133,"column":3}},"line":125}},"branchMap":{"0":{"loc":{"start":{"line":8,"column":21},"end":{"line":8,"column":38}},"type":"binary-expr","locations":[{"start":{"line":8,"column":21},"end":{"line":8,"column":31}},{"start":{"line":8,"column":35},"end":{"line":8,"column":38}}],"line":8},"1":{"loc":{"start":{"line":11,"column":13},"end":{"line":11,"column":58}},"type":"binary-expr","locations":[{"start":{"line":11,"column":13},"end":{"line":11,"column":26}},{"start":{"line":11,"column":30},"end":{"line":11,"column":58}}],"line":11},"2":{"loc":{"start":{"line":12,"column":14},"end":{"line":12,"column":44}},"type":"binary-expr","locations":[{"start":{"line":12,"column":14},"end":{"line":12,"column":27}},{"start":{"line":12,"column":31},"end":{"line":12,"column":44}}],"line":12}},"s":{"0":2,"1":2,"2":2,"3":2,"4":2,"5":3,"6":3,"7":3,"8":2,"9":2,"10":2,"11":2,"12":1,"13":1,"14":2,"15":2,"16":2,"17":2,"18":1,"19":1,"20":2,"21":2,"22":2,"23":2,"24":1,"25":1,"26":2},"f":{"0":3,"1":2,"2":2,"3":2},"b":{"0":[3,3],"1":[3,0],"2":[3,3]},"_coverageSchema":"1a1c01bbd47fc00a2c39e90264f33305004495a9","hash":"7e7393316a0c83d9af7cbc4699229335d44e1159"}
,"C:\\Git\\Titulacion\\OpenAPI\\src\\middlewares\\validators.js": {"path":"C:\\Git\\Titulacion\\OpenAPI\\src\\middlewares\\validators.js","statementMap":{"0":{"start":{"line":1,"column":24},"end":{"line":26,"column":1}},"1":{"start":{"line":2,"column":2},"end":{"line":25,"column":4}},"2":{"start":{"line":3,"column":27},"end":{"line":3,"column":29}},"3":{"start":{"line":5,"column":4},"end":{"line":13,"column":7}},"4":{"start":{"line":6,"column":6},"end":{"line":6,"column":26}},"5":{"start":{"line":7,"column":30},"end":{"line":7,"column":50}},"6":{"start":{"line":8,"column":6},"end":{"line":8,"column":35}},"7":{"start":{"line":10,"column":6},"end":{"line":12,"column":7}},"8":{"start":{"line":11,"column":8},"end":{"line":11,"column":36}},"9":{"start":{"line":15,"column":4},"end":{"line":22,"column":5}},"10":{"start":{"line":16,"column":6},"end":{"line":21,"column":9}},"11":{"start":{"line":24,"column":4},"end":{"line":24,"column":11}},"12":{"start":{"line":28,"column":0},"end":{"line":30,"column":2}}},"fnMap":{"0":{"name":"(anonymous_0)","decl":{"start":{"line":1,"column":24},"end":{"line":1,"column":25}},"loc":{"start":{"line":1,"column":45},"end":{"line":26,"column":1}},"line":1},"1":{"name":"(anonymous_1)","decl":{"start":{"line":2,"column":9},"end":{"line":2,"column":10}},"loc":{"start":{"line":2,"column":29},"end":{"line":25,"column":3}},"line":2},"2":{"name":"(anonymous_2)","decl":{"start":{"line":5,"column":28},"end":{"line":5,"column":29}},"loc":{"start":{"line":5,"column":38},"end":{"line":13,"column":5}},"line":5}},"branchMap":{"0":{"loc":{"start":{"line":10,"column":6},"end":{"line":12,"column":7}},"type":"if","locations":[{"start":{"line":10,"column":6},"end":{"line":12,"column":7}},{"start":{},"end":{}}],"line":10},"1":{"loc":{"start":{"line":15,"column":4},"end":{"line":22,"column":5}},"type":"if","locations":[{"start":{"line":15,"column":4},"end":{"line":22,"column":5}},{"start":{},"end":{}}],"line":15}},"s":{"0":2,"1":12,"2":12,"3":12,"4":18,"5":18,"6":18,"7":18,"8":0,"9":12,"10":0,"11":12,"12":2},"f":{"0":12,"1":12,"2":18},"b":{"0":[0,18],"1":[0,12]},"_coverageSchema":"1a1c01bbd47fc00a2c39e90264f33305004495a9","hash":"b9b33926b9cb1e42c52cb7a0d26446e452e2ee18"}
,"C:\\Git\\Titulacion\\OpenAPI\\src\\services\\detallesService.js": {"path":"C:\\Git\\Titulacion\\OpenAPI\\src\\services\\detallesService.js","statementMap":{"0":{"start":{"line":1,"column":20},"end":{"line":1,"column":52}},"1":{"start":{"line":5,"column":4},"end":{"line":36,"column":5}},"2":{"start":{"line":6,"column":6},"end":{"line":8,"column":7}},"3":{"start":{"line":7,"column":8},"end":{"line":7,"column":50}},"4":{"start":{"line":10,"column":25},"end":{"line":10,"column":80}},"5":{"start":{"line":11,"column":6},"end":{"line":11,"column":64}},"6":{"start":{"line":13,"column":6},"end":{"line":15,"column":7}},"7":{"start":{"line":14,"column":8},"end":{"line":14,"column":52}},"8":{"start":{"line":17,"column":20},"end":{"line":17,"column":75}},"9":{"start":{"line":18,"column":6},"end":{"line":18,"column":52}},"10":{"start":{"line":20,"column":20},"end":{"line":20,"column":84}},"11":{"start":{"line":21,"column":6},"end":{"line":21,"column":52}},"12":{"start":{"line":23,"column":6},"end":{"line":32,"column":8}},"13":{"start":{"line":34,"column":6},"end":{"line":34,"column":65}},"14":{"start":{"line":35,"column":6},"end":{"line":35,"column":34}},"15":{"start":{"line":40,"column":4},"end":{"line":40,"column":76}},"16":{"start":{"line":44,"column":4},"end":{"line":44,"column":79}},"17":{"start":{"line":48,"column":4},"end":{"line":48,"column":78}},"18":{"start":{"line":52,"column":4},"end":{"line":52,"column":62}},"19":{"start":{"line":53,"column":4},"end":{"line":55,"column":5}},"20":{"start":{"line":54,"column":6},"end":{"line":54,"column":49}},"21":{"start":{"line":57,"column":19},"end":{"line":57,"column":36}},"22":{"start":{"line":58,"column":4},"end":{"line":60,"column":5}},"23":{"start":{"line":59,"column":6},"end":{"line":59,"column":49}},"24":{"start":{"line":61,"column":4},"end":{"line":61,"column":18}},"25":{"start":{"line":66,"column":21},"end":{"line":79,"column":5}},"26":{"start":{"line":81,"column":4},"end":{"line":84,"column":6}},"27":{"start":{"line":88,"column":0},"end":{"line":88,"column":33}}},"fnMap":{"0":{"name":"(anonymous_0)","decl":{"start":{"line":4,"column":2},"end":{"line":4,"column":3}},"loc":{"start":{"line":4,"column":81},"end":{"line":37,"column":3}},"line":4},"1":{"name":"(anonymous_1)","decl":{"start":{"line":39,"column":2},"end":{"line":39,"column":3}},"loc":{"start":{"line":39,"column":60},"end":{"line":41,"column":3}},"line":39},"2":{"name":"(anonymous_2)","decl":{"start":{"line":43,"column":2},"end":{"line":43,"column":3}},"loc":{"start":{"line":43,"column":63},"end":{"line":45,"column":3}},"line":43},"3":{"name":"(anonymous_3)","decl":{"start":{"line":47,"column":2},"end":{"line":47,"column":3}},"loc":{"start":{"line":47,"column":62},"end":{"line":49,"column":3}},"line":47},"4":{"name":"(anonymous_4)","decl":{"start":{"line":51,"column":2},"end":{"line":51,"column":3}},"loc":{"start":{"line":51,"column":41},"end":{"line":62,"column":3}},"line":51},"5":{"name":"(anonymous_5)","decl":{"start":{"line":65,"column":2},"end":{"line":65,"column":3}},"loc":{"start":{"line":65,"column":26},"end":{"line":85,"column":3}},"line":65}},"branchMap":{"0":{"loc":{"start":{"line":6,"column":6},"end":{"line":8,"column":7}},"type":"if","locations":[{"start":{"line":6,"column":6},"end":{"line":8,"column":7}},{"start":{},"end":{}}],"line":6},"1":{"loc":{"start":{"line":13,"column":6},"end":{"line":15,"column":7}},"type":"if","locations":[{"start":{"line":13,"column":6},"end":{"line":15,"column":7}},{"start":{},"end":{}}],"line":13},"2":{"loc":{"start":{"line":53,"column":4},"end":{"line":55,"column":5}},"type":"if","locations":[{"start":{"line":53,"column":4},"end":{"line":55,"column":5}},{"start":{},"end":{}}],"line":53},"3":{"loc":{"start":{"line":53,"column":8},"end":{"line":53,"column":61}},"type":"binary-expr","locations":[{"start":{"line":53,"column":8},"end":{"line":53,"column":27}},{"start":{"line":53,"column":31},"end":{"line":53,"column":45}},{"start":{"line":53,"column":49},"end":{"line":53,"column":61}}],"line":53},"4":{"loc":{"start":{"line":58,"column":4},"end":{"line":60,"column":5}},"type":"if","locations":[{"start":{"line":58,"column":4},"end":{"line":60,"column":5}},{"start":{},"end":{}}],"line":58},"5":{"loc":{"start":{"line":81,"column":11},"end":{"line":84,"column":5}},"type":"binary-expr","locations":[{"start":{"line":81,"column":11},"end":{"line":81,"column":34}},{"start":{"line":81,"column":38},"end":{"line":84,"column":5}}],"line":81}},"s":{"0":3,"1":11,"2":11,"3":1,"4":10,"5":9,"6":9,"7":1,"8":8,"9":4,"10":4,"11":3,"12":3,"13":8,"14":8,"15":9,"16":1,"17":1,"18":12,"19":12,"20":3,"21":9,"22":9,"23":2,"24":7,"25":8,"26":8,"27":3},"f":{"0":11,"1":9,"2":1,"3":1,"4":12,"5":8},"b":{"0":[1,10],"1":[1,8],"2":[3,9],"3":[12,11,10],"4":[2,7],"5":[8,1]},"_coverageSchema":"1a1c01bbd47fc00a2c39e90264f33305004495a9","hash":"627975a30b4806d6df1afe184298b5c9fd63d2ce"}
,"C:\\Git\\Titulacion\\OpenAPI\\src\\services\\movimientosService.js": {"path":"C:\\Git\\Titulacion\\OpenAPI\\src\\services\\movimientosService.js","statementMap":{"0":{"start":{"line":1,"column":20},"end":{"line":1,"column":52}},"1":{"start":{"line":5,"column":4},"end":{"line":41,"column":5}},"2":{"start":{"line":6,"column":18},"end":{"line":6,"column":62}},"3":{"start":{"line":9,"column":21},"end":{"line":9,"column":50}},"4":{"start":{"line":10,"column":6},"end":{"line":12,"column":7}},"5":{"start":{"line":11,"column":8},"end":{"line":11,"column":52}},"6":{"start":{"line":15,"column":29},"end":{"line":15,"column":65}},"7":{"start":{"line":18,"column":22},"end":{"line":20,"column":7}},"8":{"start":{"line":19,"column":33},"end":{"line":19,"column":72}},"9":{"start":{"line":23,"column":6},"end":{"line":36,"column":25}},"10":{"start":{"line":25,"column":10},"end":{"line":25,"column":43}},"11":{"start":{"line":25,"column":31},"end":{"line":25,"column":43}},"12":{"start":{"line":27,"column":10},"end":{"line":34,"column":12}},"13":{"start":{"line":39,"column":6},"end":{"line":39,"column":75}},"14":{"start":{"line":40,"column":6},"end":{"line":40,"column":37}},"15":{"start":{"line":45,"column":4},"end":{"line":47,"column":5}},"16":{"start":{"line":46,"column":6},"end":{"line":46,"column":48}},"17":{"start":{"line":48,"column":4},"end":{"line":48,"column":56}},"18":{"start":{"line":52,"column":4},"end":{"line":54,"column":5}},"19":{"start":{"line":53,"column":6},"end":{"line":53,"column":48}},"20":{"start":{"line":55,"column":4},"end":{"line":55,"column":59}},"21":{"start":{"line":59,"column":4},"end":{"line":61,"column":5}},"22":{"start":{"line":60,"column":6},"end":{"line":60,"column":49}},"23":{"start":{"line":62,"column":4},"end":{"line":62,"column":58}},"24":{"start":{"line":66,"column":21},"end":{"line":79,"column":5}},"25":{"start":{"line":81,"column":4},"end":{"line":84,"column":6}},"26":{"start":{"line":88,"column":0},"end":{"line":88,"column":36}}},"fnMap":{"0":{"name":"(anonymous_0)","decl":{"start":{"line":4,"column":2},"end":{"line":4,"column":3}},"loc":{"start":{"line":4,"column":58},"end":{"line":42,"column":3}},"line":4},"1":{"name":"(anonymous_1)","decl":{"start":{"line":19,"column":27},"end":{"line":19,"column":28}},"loc":{"start":{"line":19,"column":33},"end":{"line":19,"column":72}},"line":19},"2":{"name":"(anonymous_2)","decl":{"start":{"line":24,"column":13},"end":{"line":24,"column":14}},"loc":{"start":{"line":24,"column":27},"end":{"line":35,"column":9}},"line":24},"3":{"name":"(anonymous_3)","decl":{"start":{"line":44,"column":2},"end":{"line":44,"column":3}},"loc":{"start":{"line":44,"column":50},"end":{"line":49,"column":3}},"line":44},"4":{"name":"(anonymous_4)","decl":{"start":{"line":51,"column":2},"end":{"line":51,"column":3}},"loc":{"start":{"line":51,"column":53},"end":{"line":56,"column":3}},"line":51},"5":{"name":"(anonymous_5)","decl":{"start":{"line":58,"column":2},"end":{"line":58,"column":3}},"loc":{"start":{"line":58,"column":52},"end":{"line":63,"column":3}},"line":58},"6":{"name":"(anonymous_6)","decl":{"start":{"line":65,"column":2},"end":{"line":65,"column":3}},"loc":{"start":{"line":65,"column":29},"end":{"line":85,"column":3}},"line":65}},"branchMap":{"0":{"loc":{"start":{"line":10,"column":6},"end":{"line":12,"column":7}},"type":"if","locations":[{"start":{"line":10,"column":6},"end":{"line":12,"column":7}},{"start":{},"end":{}}],"line":10},"1":{"loc":{"start":{"line":25,"column":10},"end":{"line":25,"column":43}},"type":"if","locations":[{"start":{"line":25,"column":10},"end":{"line":25,"column":43}},{"start":{},"end":{}}],"line":25},"2":{"loc":{"start":{"line":45,"column":4},"end":{"line":47,"column":5}},"type":"if","locations":[{"start":{"line":45,"column":4},"end":{"line":47,"column":5}},{"start":{},"end":{}}],"line":45},"3":{"loc":{"start":{"line":52,"column":4},"end":{"line":54,"column":5}},"type":"if","locations":[{"start":{"line":52,"column":4},"end":{"line":54,"column":5}},{"start":{},"end":{}}],"line":52},"4":{"loc":{"start":{"line":59,"column":4},"end":{"line":61,"column":5}},"type":"if","locations":[{"start":{"line":59,"column":4},"end":{"line":61,"column":5}},{"start":{},"end":{}}],"line":59},"5":{"loc":{"start":{"line":81,"column":11},"end":{"line":84,"column":5}},"type":"binary-expr","locations":[{"start":{"line":81,"column":11},"end":{"line":81,"column":34}},{"start":{"line":81,"column":38},"end":{"line":84,"column":5}}],"line":81}},"s":{"0":3,"1":2,"2":2,"3":2,"4":2,"5":1,"6":1,"7":1,"8":2,"9":1,"10":2,"11":0,"12":2,"13":1,"14":1,"15":3,"16":1,"17":2,"18":0,"19":0,"20":0,"21":0,"22":0,"23":0,"24":1,"25":1,"26":3},"f":{"0":2,"1":2,"2":2,"3":3,"4":0,"5":0,"6":1},"b":{"0":[1,1],"1":[0,2],"2":[1,2],"3":[0,0],"4":[0,0],"5":[1,0]},"_coverageSchema":"1a1c01bbd47fc00a2c39e90264f33305004495a9","hash":"31108879175ed7c9e6e8cf5f5b8bb51edbd76701"}
}
