TN:
SF:src\app.js
FN:14,(anonymous_0)
FNF:1
FNH:0
FNDA:0,(anonymous_0)
DA:1,2
DA:2,2
DA:3,2
DA:5,2
DA:6,2
DA:8,2
DA:9,2
DA:11,2
DA:12,2
DA:14,2
DA:15,0
DA:16,0
DA:23,2
LF:13
LH:11
BRF:0
BRH:0
end_of_record
TN:
SF:src\swagger.js
FNF:0
FNH:0
DA:1,2
DA:2,2
DA:4,2
DA:22,2
DA:24,2
LF:5
LH:5
BRF:0
BRH:0
end_of_record
TN:
SF:src\controllers\detallesController.js
FN:7,(anonymous_0)
FN:65,(anonymous_1)
FN:112,(anonymous_2)
FN:159,(anonymous_3)
FNF:4
FNH:2
FNDA:1,(anonymous_0)
FNDA:2,(anonymous_1)
FNDA:0,(anonymous_2)
FNDA:0,(anonymous_3)
DA:1,2
DA:2,2
DA:3,2
DA:4,2
DA:7,2
DA:8,1
DA:9,1
DA:16,1
DA:63,2
DA:66,2
DA:67,2
DA:68,2
DA:69,1
DA:71,1
DA:110,2
DA:113,0
DA:114,0
DA:115,0
DA:116,0
DA:118,0
DA:157,2
DA:160,0
DA:161,0
DA:162,0
DA:163,0
DA:165,0
DA:170,2
LF:27
LH:17
BRDA:8,0,0,1
BRDA:8,0,1,1
BRDA:11,1,0,1
BRDA:11,1,1,0
BRDA:12,2,0,1
BRDA:12,2,1,1
BRF:6
BRH:5
end_of_record
TN:
SF:src\controllers\movimientosController.js
FN:7,(anonymous_0)
FN:47,(anonymous_1)
FN:86,(anonymous_2)
FN:125,(anonymous_3)
FNF:4
FNH:2
FNDA:1,(anonymous_0)
FNDA:2,(anonymous_1)
FNDA:0,(anonymous_2)
FNDA:0,(anonymous_3)
DA:1,2
DA:2,2
DA:3,2
DA:4,2
DA:7,2
DA:8,1
DA:9,1
DA:16,1
DA:45,2
DA:48,2
DA:49,2
DA:50,2
DA:51,1
DA:53,1
DA:84,2
DA:87,0
DA:88,0
DA:89,0
DA:90,0
DA:92,0
DA:123,2
DA:126,0
DA:127,0
DA:128,0
DA:129,0
DA:131,0
DA:136,2
LF:27
LH:17
BRDA:8,0,0,1
BRDA:8,0,1,1
BRDA:11,1,0,1
BRDA:11,1,1,0
BRDA:12,2,0,1
BRDA:12,2,1,1
BRF:6
BRH:5
end_of_record
TN:
SF:src\middlewares\validators.js
FN:1,(anonymous_0)
FN:2,(anonymous_1)
FN:5,(anonymous_2)
FNF:3
FNH:3
FNDA:12,(anonymous_0)
FNDA:4,(anonymous_1)
FNDA:6,(anonymous_2)
DA:1,2
DA:2,12
DA:3,4
DA:5,4
DA:6,6
DA:7,0
DA:11,4
DA:12,0
DA:20,4
DA:24,2
LF:10
LH:8
BRDA:6,0,0,0
BRDA:6,0,1,6
BRDA:11,1,0,0
BRDA:11,1,1,4
BRF:4
BRH:2
end_of_record
TN:
SF:src\models\redisClient.js
FN:11,(anonymous_0)
FN:18,(anonymous_1)
FN:22,(anonymous_2)
FN:27,(anonymous_3)
FN:39,seedInitialData
FNF:5
FNH:1
FNDA:0,(anonymous_0)
FNDA:0,(anonymous_1)
FNDA:0,(anonymous_2)
FNDA:2,(anonymous_3)
FNDA:0,seedInitialData
DA:1,2
DA:2,2
DA:5,2
DA:7,2
DA:12,0
DA:13,0
DA:18,2
DA:19,0
DA:22,2
DA:23,0
DA:27,2
DA:28,2
DA:29,2
DA:30,0
DA:31,0
DA:32,0
DA:34,0
DA:41,0
DA:42,0
DA:43,0
DA:44,0
DA:47,0
DA:50,0
DA:63,0
DA:76,0
DA:79,0
DA:92,0
DA:105,0
DA:107,0
DA:120,0
DA:133,0
DA:135,0
DA:138,2
LF:33
LH:10
BRDA:7,0,0,2
BRDA:7,0,1,2
BRDA:42,1,0,0
BRDA:42,1,1,0
BRF:4
BRH:2
end_of_record
TN:
SF:src\services\detallesService.js
FN:4,(anonymous_0)
FN:52,(anonymous_1)
FN:56,(anonymous_2)
FN:60,(anonymous_3)
FN:64,(anonymous_4)
FN:78,(anonymous_5)
FNF:6
FNH:4
FNDA:6,(anonymous_0)
FNDA:6,(anonymous_1)
FNDA:0,(anonymous_2)
FNDA:0,(anonymous_3)
FNDA:3,(anonymous_4)
FNDA:5,(anonymous_5)
DA:1,3
DA:5,6
DA:6,6
DA:7,1
DA:10,5
DA:11,5
DA:14,5
DA:15,1
DA:19,4
DA:20,1
DA:23,3
DA:24,1
DA:28,2
DA:29,1
DA:31,1
DA:32,1
DA:34,1
DA:47,5
DA:48,5
DA:53,6
DA:57,0
DA:61,0
DA:65,3
DA:66,3
DA:67,0
DA:70,3
DA:71,3
DA:72,1
DA:74,2
DA:79,5
DA:102,5
DA:109,3
LF:32
LH:29
BRDA:6,0,0,1
BRDA:6,0,1,5
BRDA:14,1,0,1
BRDA:14,1,1,4
BRDA:19,2,0,1
BRDA:19,2,1,3
BRDA:23,3,0,1
BRDA:23,3,1,2
BRDA:36,4,0,1
BRDA:36,4,1,0
BRDA:37,5,0,1
BRDA:37,5,1,0
BRDA:44,6,0,1
BRDA:44,6,1,0
BRDA:66,7,0,0
BRDA:66,7,1,3
BRDA:66,8,0,3
BRDA:66,8,1,3
BRDA:66,8,2,3
BRDA:71,9,0,1
BRDA:71,9,1,2
BRDA:102,10,0,5
BRDA:102,10,1,0
BRF:23
BRH:18
end_of_record
TN:
SF:src\services\movimientosService.js
FN:4,(anonymous_0)
FN:19,(anonymous_1)
FN:24,(anonymous_2)
FN:44,(anonymous_3)
FN:51,(anonymous_4)
FN:58,(anonymous_5)
FN:65,(anonymous_6)
FNF:7
FNH:5
FNDA:2,(anonymous_0)
FNDA:2,(anonymous_1)
FNDA:2,(anonymous_2)
FNDA:3,(anonymous_3)
FNDA:0,(anonymous_4)
FNDA:0,(anonymous_5)
FNDA:1,(anonymous_6)
DA:1,3
DA:5,2
DA:6,2
DA:9,2
DA:10,2
DA:11,1
DA:15,1
DA:18,1
DA:19,2
DA:23,1
DA:25,2
DA:27,2
DA:39,1
DA:40,1
DA:45,3
DA:46,1
DA:48,2
DA:52,0
DA:53,0
DA:55,0
DA:59,0
DA:60,0
DA:62,0
DA:67,1
DA:82,1
DA:89,3
LF:26
LH:20
BRDA:10,0,0,1
BRDA:10,0,1,1
BRDA:25,1,0,0
BRDA:25,1,1,2
BRDA:45,2,0,1
BRDA:45,2,1,2
BRDA:52,3,0,0
BRDA:52,3,1,0
BRDA:59,4,0,0
BRDA:59,4,1,0
BRDA:82,5,0,1
BRDA:82,5,1,0
BRF:12
BRH:6
end_of_record
